  ImageWidget.cpp
  Main.cpp
C:\Users\t4w32\source\repos\frakw\NTUST_COMPUTER_GRAPHICS\電腦圖學導論\正課\Project1 FLTK\Skeleton\Codes\Main.cpp(83,15): warning C4244: '引數': 將 'time_t' 轉換為 'unsigned int'，由於類型不同，可能導致資料遺失
  ScriptHandler.cpp
C:\Users\t4w32\source\repos\frakw\NTUST_COMPUTER_GRAPHICS\電腦圖學導論\正課\Project1 FLTK\Skeleton\Codes\ScriptHandler.cpp(105,5): warning C4996: 'strcpy': This function or variable may be unsafe. Consider using strcpy_s instead. To disable deprecation, use _CRT_SECURE_NO_WARNINGS. See online help for details.
C:\Users\t4w32\source\repos\frakw\NTUST_COMPUTER_GRAPHICS\電腦圖學導論\正課\Project1 FLTK\Skeleton\Codes\ScriptHandler.cpp(106,20): warning C4996: 'strtok': This function or variable may be unsafe. Consider using strtok_s instead. To disable deprecation, use _CRT_SECURE_NO_WARNINGS. See online help for details.
C:\Users\t4w32\source\repos\frakw\NTUST_COMPUTER_GRAPHICS\電腦圖學導論\正課\Project1 FLTK\Skeleton\Codes\ScriptHandler.cpp(131,31): warning C4996: 'strtok': This function or variable may be unsafe. Consider using strtok_s instead. To disable deprecation, use _CRT_SECURE_NO_WARNINGS. See online help for details.
C:\Users\t4w32\source\repos\frakw\NTUST_COMPUTER_GRAPHICS\電腦圖學導論\正課\Project1 FLTK\Skeleton\Codes\ScriptHandler.cpp(148,31): warning C4996: 'strtok': This function or variable may be unsafe. Consider using strtok_s instead. To disable deprecation, use _CRT_SECURE_NO_WARNINGS. See online help for details.
C:\Users\t4w32\source\repos\frakw\NTUST_COMPUTER_GRAPHICS\電腦圖學導論\正課\Project1 FLTK\Skeleton\Codes\ScriptHandler.cpp(159,40): warning C4996: 'strtok': This function or variable may be unsafe. Consider using strtok_s instead. To disable deprecation, use _CRT_SECURE_NO_WARNINGS. See online help for details.
C:\Users\t4w32\source\repos\frakw\NTUST_COMPUTER_GRAPHICS\電腦圖學導論\正課\Project1 FLTK\Skeleton\Codes\ScriptHandler.cpp(237,24): warning C4996: 'strtok': This function or variable may be unsafe. Consider using strtok_s instead. To disable deprecation, use _CRT_SECURE_NO_WARNINGS. See online help for details.
C:\Users\t4w32\source\repos\frakw\NTUST_COMPUTER_GRAPHICS\電腦圖學導論\正課\Project1 FLTK\Skeleton\Codes\ScriptHandler.cpp(280,28): warning C4996: 'strtok': This function or variable may be unsafe. Consider using strtok_s instead. To disable deprecation, use _CRT_SECURE_NO_WARNINGS. See online help for details.
C:\Users\t4w32\source\repos\frakw\NTUST_COMPUTER_GRAPHICS\電腦圖學導論\正課\Project1 FLTK\Skeleton\Codes\ScriptHandler.cpp(295,31): warning C4996: 'strtok': This function or variable may be unsafe. Consider using strtok_s instead. To disable deprecation, use _CRT_SECURE_NO_WARNINGS. See online help for details.
C:\Users\t4w32\source\repos\frakw\NTUST_COMPUTER_GRAPHICS\電腦圖學導論\正課\Project1 FLTK\Skeleton\Codes\ScriptHandler.cpp(312,31): warning C4996: 'strtok': This function or variable may be unsafe. Consider using strtok_s instead. To disable deprecation, use _CRT_SECURE_NO_WARNINGS. See online help for details.
C:\Users\t4w32\source\repos\frakw\NTUST_COMPUTER_GRAPHICS\電腦圖學導論\正課\Project1 FLTK\Skeleton\Codes\ScriptHandler.cpp(330,31): warning C4996: 'strtok': This function or variable may be unsafe. Consider using strtok_s instead. To disable deprecation, use _CRT_SECURE_NO_WARNINGS. See online help for details.
C:\Users\t4w32\source\repos\frakw\NTUST_COMPUTER_GRAPHICS\電腦圖學導論\正課\Project1 FLTK\Skeleton\Codes\ScriptHandler.cpp(348,31): warning C4996: 'strtok': This function or variable may be unsafe. Consider using strtok_s instead. To disable deprecation, use _CRT_SECURE_NO_WARNINGS. See online help for details.
C:\Users\t4w32\source\repos\frakw\NTUST_COMPUTER_GRAPHICS\電腦圖學導論\正課\Project1 FLTK\Skeleton\Codes\ScriptHandler.cpp(366,31): warning C4996: 'strtok': This function or variable may be unsafe. Consider using strtok_s instead. To disable deprecation, use _CRT_SECURE_NO_WARNINGS. See online help for details.
C:\Users\t4w32\source\repos\frakw\NTUST_COMPUTER_GRAPHICS\電腦圖學導論\正課\Project1 FLTK\Skeleton\Codes\ScriptHandler.cpp(384,31): warning C4996: 'strtok': This function or variable may be unsafe. Consider using strtok_s instead. To disable deprecation, use _CRT_SECURE_NO_WARNINGS. See online help for details.
C:\Users\t4w32\source\repos\frakw\NTUST_COMPUTER_GRAPHICS\電腦圖學導論\正課\Project1 FLTK\Skeleton\Codes\ScriptHandler.cpp(402,28): warning C4996: 'strtok': This function or variable may be unsafe. Consider using strtok_s instead. To disable deprecation, use _CRT_SECURE_NO_WARNINGS. See online help for details.
  TargaImage.cpp
C:\Users\t4w32\source\repos\frakw\NTUST_COMPUTER_GRAPHICS\電腦圖學導論\正課\Project1 FLTK\Skeleton\Codes\TargaImage.cpp(87,51): warning C4244: '=': 將 'double' 轉換為 'unsigned char'，由於類型不同，可能導致資料遺失
C:\Users\t4w32\source\repos\frakw\NTUST_COMPUTER_GRAPHICS\電腦圖學導論\正課\Project1 FLTK\Skeleton\Codes\TargaImage.cpp(88,53): warning C4244: '=': 將 'double' 轉換為 'unsigned char'，由於類型不同，可能導致資料遺失
C:\Users\t4w32\source\repos\frakw\NTUST_COMPUTER_GRAPHICS\電腦圖學導論\正課\Project1 FLTK\Skeleton\Codes\TargaImage.cpp(89,52): warning C4244: '=': 將 'double' 轉換為 'unsigned char'，由於類型不同，可能導致資料遺失
C:\Users\t4w32\source\repos\frakw\NTUST_COMPUTER_GRAPHICS\電腦圖學導論\正課\Project1 FLTK\Skeleton\Codes\TargaImage.cpp(90,68): warning C4244: '=': 將 'double' 轉換為 'unsigned char'，由於類型不同，可能導致資料遺失
C:\Users\t4w32\source\repos\frakw\NTUST_COMPUTER_GRAPHICS\電腦圖學導論\正課\Project1 FLTK\Skeleton\Codes\TargaImage.cpp(263,113): warning C4244: 'return': 將 'double' 轉換為 'unsigned char'，由於類型不同，可能導致資料遺失
C:\Users\t4w32\source\repos\frakw\NTUST_COMPUTER_GRAPHICS\電腦圖學導論\正課\Project1 FLTK\Skeleton\Codes\TargaImage.cpp(344,46): warning C4018: '<': signed/unsigned 不相符
C:\Users\t4w32\source\repos\frakw\NTUST_COMPUTER_GRAPHICS\電腦圖學導論\正課\Project1 FLTK\Skeleton\Codes\TargaImage.cpp(364,25): warning C4244: '正在初始化': 將 'double' 轉換為 'int'，由於類型不同，可能導致資料遺失
C:\Users\t4w32\source\repos\frakw\NTUST_COMPUTER_GRAPHICS\電腦圖學導論\正課\Project1 FLTK\Skeleton\Codes\TargaImage.cpp(451,32): warning C4244: '正在初始化': 將 'double' 轉換為 'int'，由於類型不同，可能導致資料遺失
C:\Users\t4w32\source\repos\frakw\NTUST_COMPUTER_GRAPHICS\電腦圖學導論\正課\Project1 FLTK\Skeleton\Codes\TargaImage.cpp(482,39): warning C4244: '=': 將 'unsigned __int64' 轉換為 'int'，由於類型不同，可能導致資料遺失
C:\Users\t4w32\source\repos\frakw\NTUST_COMPUTER_GRAPHICS\電腦圖學導論\正課\Project1 FLTK\Skeleton\Codes\TargaImage.cpp(582,36): warning C4244: '正在初始化': 將 'double' 轉換為 'int'，由於類型不同，可能導致資料遺失
C:\Users\t4w32\source\repos\frakw\NTUST_COMPUTER_GRAPHICS\電腦圖學導論\正課\Project1 FLTK\Skeleton\Codes\TargaImage.cpp(801,22): warning C4018: '<': signed/unsigned 不相符
C:\Users\t4w32\source\repos\frakw\NTUST_COMPUTER_GRAPHICS\電腦圖學導論\正課\Project1 FLTK\Skeleton\Codes\TargaImage.cpp(817,23): warning C4018: '<': signed/unsigned 不相符
C:\Users\t4w32\source\repos\frakw\NTUST_COMPUTER_GRAPHICS\電腦圖學導論\正課\Project1 FLTK\Skeleton\Codes\TargaImage.cpp(818,27): warning C4018: '<': signed/unsigned 不相符
C:\Users\t4w32\source\repos\frakw\NTUST_COMPUTER_GRAPHICS\電腦圖學導論\正課\Project1 FLTK\Skeleton\Codes\TargaImage.cpp(826,30): warning C4018: '<': signed/unsigned 不相符
C:\Users\t4w32\source\repos\frakw\NTUST_COMPUTER_GRAPHICS\電腦圖學導論\正課\Project1 FLTK\Skeleton\Codes\TargaImage.cpp(827,34): warning C4018: '<': signed/unsigned 不相符
C:\Users\t4w32\source\repos\frakw\NTUST_COMPUTER_GRAPHICS\電腦圖學導論\正課\Project1 FLTK\Skeleton\Codes\TargaImage.cpp(841,47): warning C4244: '=': 將 'double' 轉換為 'unsigned char'，由於類型不同，可能導致資料遺失
C:\Users\t4w32\source\repos\frakw\NTUST_COMPUTER_GRAPHICS\電腦圖學導論\正課\Project1 FLTK\Skeleton\Codes\TargaImage.cpp(842,49): warning C4244: '=': 將 'double' 轉換為 'unsigned char'，由於類型不同，可能導致資料遺失
C:\Users\t4w32\source\repos\frakw\NTUST_COMPUTER_GRAPHICS\電腦圖學導論\正課\Project1 FLTK\Skeleton\Codes\TargaImage.cpp(843,48): warning C4244: '=': 將 'double' 轉換為 'unsigned char'，由於類型不同，可能導致資料遺失
C:\Users\t4w32\source\repos\frakw\NTUST_COMPUTER_GRAPHICS\電腦圖學導論\正課\Project1 FLTK\Skeleton\Codes\TargaImage.cpp(846,22): warning C4018: '<': signed/unsigned 不相符
C:\Users\t4w32\source\repos\frakw\NTUST_COMPUTER_GRAPHICS\電腦圖學導論\正課\Project1 FLTK\Skeleton\Codes\TargaImage.cpp(947,55): warning C4244: '=': 將 'double' 轉換為 'unsigned char'，由於類型不同，可能導致資料遺失
C:\Users\t4w32\source\repos\frakw\NTUST_COMPUTER_GRAPHICS\電腦圖學導論\正課\Project1 FLTK\Skeleton\Codes\TargaImage.cpp(948,57): warning C4244: '=': 將 'double' 轉換為 'unsigned char'，由於類型不同，可能導致資料遺失
C:\Users\t4w32\source\repos\frakw\NTUST_COMPUTER_GRAPHICS\電腦圖學導論\正課\Project1 FLTK\Skeleton\Codes\TargaImage.cpp(949,56): warning C4244: '=': 將 'double' 轉換為 'unsigned char'，由於類型不同，可能導致資料遺失
C:\Users\t4w32\source\repos\frakw\NTUST_COMPUTER_GRAPHICS\電腦圖學導論\正課\Project1 FLTK\Skeleton\Codes\TargaImage.cpp(950,57): warning C4244: '=': 將 'double' 轉換為 'unsigned char'，由於類型不同，可能導致資料遺失
C:\Users\t4w32\source\repos\frakw\NTUST_COMPUTER_GRAPHICS\電腦圖學導論\正課\Project1 FLTK\Skeleton\Codes\TargaImage.cpp(1083,55): warning C4244: '=': 將 'double' 轉換為 'unsigned char'，由於類型不同，可能導致資料遺失
C:\Users\t4w32\source\repos\frakw\NTUST_COMPUTER_GRAPHICS\電腦圖學導論\正課\Project1 FLTK\Skeleton\Codes\TargaImage.cpp(1084,57): warning C4244: '=': 將 'double' 轉換為 'unsigned char'，由於類型不同，可能導致資料遺失
C:\Users\t4w32\source\repos\frakw\NTUST_COMPUTER_GRAPHICS\電腦圖學導論\正課\Project1 FLTK\Skeleton\Codes\TargaImage.cpp(1085,56): warning C4244: '=': 將 'double' 轉換為 'unsigned char'，由於類型不同，可能導致資料遺失
C:\Users\t4w32\source\repos\frakw\NTUST_COMPUTER_GRAPHICS\電腦圖學導論\正課\Project1 FLTK\Skeleton\Codes\TargaImage.cpp(1086,57): warning C4244: '=': 將 'double' 轉換為 'unsigned char'，由於類型不同，可能導致資料遺失
C:\Users\t4w32\source\repos\frakw\NTUST_COMPUTER_GRAPHICS\電腦圖學導論\正課\Project1 FLTK\Skeleton\Codes\TargaImage.cpp(1122,20): warning C4244: '正在初始化': 將 'double' 轉換為 'int'，由於類型不同，可能導致資料遺失
C:\Users\t4w32\source\repos\frakw\NTUST_COMPUTER_GRAPHICS\電腦圖學導論\正課\Project1 FLTK\Skeleton\Codes\TargaImage.cpp(1123,19): warning C4244: '正在初始化': 將 'double' 轉換為 'int'，由於類型不同，可能導致資料遺失
C:\Users\t4w32\source\repos\frakw\NTUST_COMPUTER_GRAPHICS\電腦圖學導論\正課\Project1 FLTK\Skeleton\Codes\TargaImage.cpp(1133,31): warning C4244: '正在初始化': 將 'double' 轉換為 'int'，由於類型不同，可能導致資料遺失
C:\Users\t4w32\source\repos\frakw\NTUST_COMPUTER_GRAPHICS\電腦圖學導論\正課\Project1 FLTK\Skeleton\Codes\TargaImage.cpp(1134,31): warning C4244: '正在初始化': 將 'double' 轉換為 'int'，由於類型不同，可能導致資料遺失
C:\Users\t4w32\source\repos\frakw\NTUST_COMPUTER_GRAPHICS\電腦圖學導論\正課\Project1 FLTK\Skeleton\Codes\TargaImage.cpp(1154,55): warning C4244: '=': 將 'double' 轉換為 'unsigned char'，由於類型不同，可能導致資料遺失
C:\Users\t4w32\source\repos\frakw\NTUST_COMPUTER_GRAPHICS\電腦圖學導論\正課\Project1 FLTK\Skeleton\Codes\TargaImage.cpp(1155,57): warning C4244: '=': 將 'double' 轉換為 'unsigned char'，由於類型不同，可能導致資料遺失
C:\Users\t4w32\source\repos\frakw\NTUST_COMPUTER_GRAPHICS\電腦圖學導論\正課\Project1 FLTK\Skeleton\Codes\TargaImage.cpp(1156,56): warning C4244: '=': 將 'double' 轉換為 'unsigned char'，由於類型不同，可能導致資料遺失
C:\Users\t4w32\source\repos\frakw\NTUST_COMPUTER_GRAPHICS\電腦圖學導論\正課\Project1 FLTK\Skeleton\Codes\TargaImage.cpp(1157,57): warning C4244: '=': 將 'double' 轉換為 'unsigned char'，由於類型不同，可能導致資料遺失
C:\Users\t4w32\source\repos\frakw\NTUST_COMPUTER_GRAPHICS\電腦圖學導論\正課\Project1 FLTK\Skeleton\Codes\TargaImage.cpp(1177,38): warning C4244: '引數': 將 'double' 轉換為 'float'，由於類型不同，可能導致資料遺失
C:\Users\t4w32\source\repos\frakw\NTUST_COMPUTER_GRAPHICS\電腦圖學導論\正課\Project1 FLTK\Skeleton\Codes\TargaImage.cpp(1178,38): warning C4244: '引數': 將 'double' 轉換為 'float'，由於類型不同，可能導致資料遺失
C:\Users\t4w32\source\repos\frakw\NTUST_COMPUTER_GRAPHICS\電腦圖學導論\正課\Project1 FLTK\Skeleton\Codes\TargaImage.cpp(1190,31): warning C4244: '正在初始化': 將 'double' 轉換為 'int'，由於類型不同，可能導致資料遺失
C:\Users\t4w32\source\repos\frakw\NTUST_COMPUTER_GRAPHICS\電腦圖學導論\正課\Project1 FLTK\Skeleton\Codes\TargaImage.cpp(1191,31): warning C4244: '正在初始化': 將 'double' 轉換為 'int'，由於類型不同，可能導致資料遺失
C:\Users\t4w32\source\repos\frakw\NTUST_COMPUTER_GRAPHICS\電腦圖學導論\正課\Project1 FLTK\Skeleton\Codes\TargaImage.cpp(1211,67): warning C4244: '=': 將 'double' 轉換為 'unsigned char'，由於類型不同，可能導致資料遺失
C:\Users\t4w32\source\repos\frakw\NTUST_COMPUTER_GRAPHICS\電腦圖學導論\正課\Project1 FLTK\Skeleton\Codes\TargaImage.cpp(1212,69): warning C4244: '=': 將 'double' 轉換為 'unsigned char'，由於類型不同，可能導致資料遺失
C:\Users\t4w32\source\repos\frakw\NTUST_COMPUTER_GRAPHICS\電腦圖學導論\正課\Project1 FLTK\Skeleton\Codes\TargaImage.cpp(1213,68): warning C4244: '=': 將 'double' 轉換為 'unsigned char'，由於類型不同，可能導致資料遺失
C:\Users\t4w32\source\repos\frakw\NTUST_COMPUTER_GRAPHICS\電腦圖學導論\正課\Project1 FLTK\Skeleton\Codes\TargaImage.cpp(1214,69): warning C4244: '=': 將 'double' 轉換為 'unsigned char'，由於類型不同，可能導致資料遺失
  正在產生程式碼...
  Skeleton.vcxproj -> C:\Users\t4w32\source\repos\frakw\NTUST_COMPUTER_GRAPHICS\電腦圖學導論\正課\Project1 FLTK\x64\Debug\Skeleton.exe
