  ImageWidget.cpp
  Main.cpp
C:\Users\t4w32\source\repos\frakw\ntust_computer_graphics\電腦圖學導論\正課\Project1 FLTK\Skeleton\Codes\Main.cpp(83,15): warning C4244: '引數': 將 'time_t' 轉換為 'unsigned int'，由於類型不同，可能導致資料遺失
  ScriptHandler.cpp
C:\Users\t4w32\source\repos\frakw\ntust_computer_graphics\電腦圖學導論\正課\Project1 FLTK\Skeleton\Codes\ScriptHandler.cpp(105,5): warning C4996: 'strcpy': This function or variable may be unsafe. Consider using strcpy_s instead. To disable deprecation, use _CRT_SECURE_NO_WARNINGS. See online help for details.
C:\Users\t4w32\source\repos\frakw\ntust_computer_graphics\電腦圖學導論\正課\Project1 FLTK\Skeleton\Codes\ScriptHandler.cpp(106,20): warning C4996: 'strtok': This function or variable may be unsafe. Consider using strtok_s instead. To disable deprecation, use _CRT_SECURE_NO_WARNINGS. See online help for details.
C:\Users\t4w32\source\repos\frakw\ntust_computer_graphics\電腦圖學導論\正課\Project1 FLTK\Skeleton\Codes\ScriptHandler.cpp(131,31): warning C4996: 'strtok': This function or variable may be unsafe. Consider using strtok_s instead. To disable deprecation, use _CRT_SECURE_NO_WARNINGS. See online help for details.
C:\Users\t4w32\source\repos\frakw\ntust_computer_graphics\電腦圖學導論\正課\Project1 FLTK\Skeleton\Codes\ScriptHandler.cpp(148,31): warning C4996: 'strtok': This function or variable may be unsafe. Consider using strtok_s instead. To disable deprecation, use _CRT_SECURE_NO_WARNINGS. See online help for details.
C:\Users\t4w32\source\repos\frakw\ntust_computer_graphics\電腦圖學導論\正課\Project1 FLTK\Skeleton\Codes\ScriptHandler.cpp(159,40): warning C4996: 'strtok': This function or variable may be unsafe. Consider using strtok_s instead. To disable deprecation, use _CRT_SECURE_NO_WARNINGS. See online help for details.
C:\Users\t4w32\source\repos\frakw\ntust_computer_graphics\電腦圖學導論\正課\Project1 FLTK\Skeleton\Codes\ScriptHandler.cpp(237,24): warning C4996: 'strtok': This function or variable may be unsafe. Consider using strtok_s instead. To disable deprecation, use _CRT_SECURE_NO_WARNINGS. See online help for details.
C:\Users\t4w32\source\repos\frakw\ntust_computer_graphics\電腦圖學導論\正課\Project1 FLTK\Skeleton\Codes\ScriptHandler.cpp(280,28): warning C4996: 'strtok': This function or variable may be unsafe. Consider using strtok_s instead. To disable deprecation, use _CRT_SECURE_NO_WARNINGS. See online help for details.
C:\Users\t4w32\source\repos\frakw\ntust_computer_graphics\電腦圖學導論\正課\Project1 FLTK\Skeleton\Codes\ScriptHandler.cpp(295,31): warning C4996: 'strtok': This function or variable may be unsafe. Consider using strtok_s instead. To disable deprecation, use _CRT_SECURE_NO_WARNINGS. See online help for details.
C:\Users\t4w32\source\repos\frakw\ntust_computer_graphics\電腦圖學導論\正課\Project1 FLTK\Skeleton\Codes\ScriptHandler.cpp(312,31): warning C4996: 'strtok': This function or variable may be unsafe. Consider using strtok_s instead. To disable deprecation, use _CRT_SECURE_NO_WARNINGS. See online help for details.
C:\Users\t4w32\source\repos\frakw\ntust_computer_graphics\電腦圖學導論\正課\Project1 FLTK\Skeleton\Codes\ScriptHandler.cpp(330,31): warning C4996: 'strtok': This function or variable may be unsafe. Consider using strtok_s instead. To disable deprecation, use _CRT_SECURE_NO_WARNINGS. See online help for details.
C:\Users\t4w32\source\repos\frakw\ntust_computer_graphics\電腦圖學導論\正課\Project1 FLTK\Skeleton\Codes\ScriptHandler.cpp(348,31): warning C4996: 'strtok': This function or variable may be unsafe. Consider using strtok_s instead. To disable deprecation, use _CRT_SECURE_NO_WARNINGS. See online help for details.
C:\Users\t4w32\source\repos\frakw\ntust_computer_graphics\電腦圖學導論\正課\Project1 FLTK\Skeleton\Codes\ScriptHandler.cpp(366,31): warning C4996: 'strtok': This function or variable may be unsafe. Consider using strtok_s instead. To disable deprecation, use _CRT_SECURE_NO_WARNINGS. See online help for details.
C:\Users\t4w32\source\repos\frakw\ntust_computer_graphics\電腦圖學導論\正課\Project1 FLTK\Skeleton\Codes\ScriptHandler.cpp(384,31): warning C4996: 'strtok': This function or variable may be unsafe. Consider using strtok_s instead. To disable deprecation, use _CRT_SECURE_NO_WARNINGS. See online help for details.
C:\Users\t4w32\source\repos\frakw\ntust_computer_graphics\電腦圖學導論\正課\Project1 FLTK\Skeleton\Codes\ScriptHandler.cpp(402,28): warning C4996: 'strtok': This function or variable may be unsafe. Consider using strtok_s instead. To disable deprecation, use _CRT_SECURE_NO_WARNINGS. See online help for details.
  TargaImage.cpp
C:\Users\t4w32\source\repos\frakw\ntust_computer_graphics\電腦圖學導論\正課\Project1 FLTK\Skeleton\Codes\TargaImage.cpp(217,113): warning C4244: 'return': 將 'double' 轉換為 'unsigned char'，由於類型不同，可能導致資料遺失
C:\Users\t4w32\source\repos\frakw\ntust_computer_graphics\電腦圖學導論\正課\Project1 FLTK\Skeleton\Codes\TargaImage.cpp(298,46): warning C4018: '<': signed/unsigned 不相符
C:\Users\t4w32\source\repos\frakw\ntust_computer_graphics\電腦圖學導論\正課\Project1 FLTK\Skeleton\Codes\TargaImage.cpp(318,25): warning C4244: '正在初始化': 將 'double' 轉換為 'int'，由於類型不同，可能導致資料遺失
C:\Users\t4w32\source\repos\frakw\ntust_computer_graphics\電腦圖學導論\正課\Project1 FLTK\Skeleton\Codes\TargaImage.cpp(405,32): warning C4244: '正在初始化': 將 'double' 轉換為 'int'，由於類型不同，可能導致資料遺失
C:\Users\t4w32\source\repos\frakw\ntust_computer_graphics\電腦圖學導論\正課\Project1 FLTK\Skeleton\Codes\TargaImage.cpp(436,39): warning C4244: '=': 將 'unsigned __int64' 轉換為 'int'，由於類型不同，可能導致資料遺失
C:\Users\t4w32\source\repos\frakw\ntust_computer_graphics\電腦圖學導論\正課\Project1 FLTK\Skeleton\Codes\TargaImage.cpp(536,36): warning C4244: '正在初始化': 將 'double' 轉換為 'int'，由於類型不同，可能導致資料遺失
C:\Users\t4w32\source\repos\frakw\ntust_computer_graphics\電腦圖學導論\正課\Project1 FLTK\Skeleton\Codes\TargaImage.cpp(754,47): warning C4244: '=': 將 'double' 轉換為 'unsigned char'，由於類型不同，可能導致資料遺失
C:\Users\t4w32\source\repos\frakw\ntust_computer_graphics\電腦圖學導論\正課\Project1 FLTK\Skeleton\Codes\TargaImage.cpp(755,49): warning C4244: '=': 將 'double' 轉換為 'unsigned char'，由於類型不同，可能導致資料遺失
C:\Users\t4w32\source\repos\frakw\ntust_computer_graphics\電腦圖學導論\正課\Project1 FLTK\Skeleton\Codes\TargaImage.cpp(756,48): warning C4244: '=': 將 'double' 轉換為 'unsigned char'，由於類型不同，可能導致資料遺失
C:\Users\t4w32\source\repos\frakw\ntust_computer_graphics\電腦圖學導論\正課\Project1 FLTK\Skeleton\Codes\TargaImage.cpp(809,47): warning C4244: '=': 將 'double' 轉換為 'unsigned char'，由於類型不同，可能導致資料遺失
C:\Users\t4w32\source\repos\frakw\ntust_computer_graphics\電腦圖學導論\正課\Project1 FLTK\Skeleton\Codes\TargaImage.cpp(810,49): warning C4244: '=': 將 'double' 轉換為 'unsigned char'，由於類型不同，可能導致資料遺失
C:\Users\t4w32\source\repos\frakw\ntust_computer_graphics\電腦圖學導論\正課\Project1 FLTK\Skeleton\Codes\TargaImage.cpp(811,48): warning C4244: '=': 將 'double' 轉換為 'unsigned char'，由於類型不同，可能導致資料遺失
C:\Users\t4w32\source\repos\frakw\ntust_computer_graphics\電腦圖學導論\正課\Project1 FLTK\Skeleton\Codes\TargaImage.cpp(828,22): warning C4018: '<': signed/unsigned 不相符
C:\Users\t4w32\source\repos\frakw\ntust_computer_graphics\電腦圖學導論\正課\Project1 FLTK\Skeleton\Codes\TargaImage.cpp(844,23): warning C4018: '<': signed/unsigned 不相符
C:\Users\t4w32\source\repos\frakw\ntust_computer_graphics\電腦圖學導論\正課\Project1 FLTK\Skeleton\Codes\TargaImage.cpp(845,27): warning C4018: '<': signed/unsigned 不相符
C:\Users\t4w32\source\repos\frakw\ntust_computer_graphics\電腦圖學導論\正課\Project1 FLTK\Skeleton\Codes\TargaImage.cpp(853,30): warning C4018: '<': signed/unsigned 不相符
C:\Users\t4w32\source\repos\frakw\ntust_computer_graphics\電腦圖學導論\正課\Project1 FLTK\Skeleton\Codes\TargaImage.cpp(854,34): warning C4018: '<': signed/unsigned 不相符
C:\Users\t4w32\source\repos\frakw\ntust_computer_graphics\電腦圖學導論\正課\Project1 FLTK\Skeleton\Codes\TargaImage.cpp(868,47): warning C4244: '=': 將 'double' 轉換為 'unsigned char'，由於類型不同，可能導致資料遺失
C:\Users\t4w32\source\repos\frakw\ntust_computer_graphics\電腦圖學導論\正課\Project1 FLTK\Skeleton\Codes\TargaImage.cpp(869,49): warning C4244: '=': 將 'double' 轉換為 'unsigned char'，由於類型不同，可能導致資料遺失
C:\Users\t4w32\source\repos\frakw\ntust_computer_graphics\電腦圖學導論\正課\Project1 FLTK\Skeleton\Codes\TargaImage.cpp(870,48): warning C4244: '=': 將 'double' 轉換為 'unsigned char'，由於類型不同，可能導致資料遺失
C:\Users\t4w32\source\repos\frakw\ntust_computer_graphics\電腦圖學導論\正課\Project1 FLTK\Skeleton\Codes\TargaImage.cpp(873,22): warning C4018: '<': signed/unsigned 不相符
C:\Users\t4w32\source\repos\frakw\ntust_computer_graphics\電腦圖學導論\正課\Project1 FLTK\Skeleton\Codes\TargaImage.cpp(960,55): warning C4244: '=': 將 'double' 轉換為 'unsigned char'，由於類型不同，可能導致資料遺失
C:\Users\t4w32\source\repos\frakw\ntust_computer_graphics\電腦圖學導論\正課\Project1 FLTK\Skeleton\Codes\TargaImage.cpp(961,57): warning C4244: '=': 將 'double' 轉換為 'unsigned char'，由於類型不同，可能導致資料遺失
C:\Users\t4w32\source\repos\frakw\ntust_computer_graphics\電腦圖學導論\正課\Project1 FLTK\Skeleton\Codes\TargaImage.cpp(962,56): warning C4244: '=': 將 'double' 轉換為 'unsigned char'，由於類型不同，可能導致資料遺失
C:\Users\t4w32\source\repos\frakw\ntust_computer_graphics\電腦圖學導論\正課\Project1 FLTK\Skeleton\Codes\TargaImage.cpp(963,57): warning C4244: '=': 將 'double' 轉換為 'unsigned char'，由於類型不同，可能導致資料遺失
C:\Users\t4w32\source\repos\frakw\ntust_computer_graphics\電腦圖學導論\正課\Project1 FLTK\Skeleton\Codes\TargaImage.cpp(1086,55): warning C4244: '=': 將 'double' 轉換為 'unsigned char'，由於類型不同，可能導致資料遺失
C:\Users\t4w32\source\repos\frakw\ntust_computer_graphics\電腦圖學導論\正課\Project1 FLTK\Skeleton\Codes\TargaImage.cpp(1087,57): warning C4244: '=': 將 'double' 轉換為 'unsigned char'，由於類型不同，可能導致資料遺失
C:\Users\t4w32\source\repos\frakw\ntust_computer_graphics\電腦圖學導論\正課\Project1 FLTK\Skeleton\Codes\TargaImage.cpp(1088,56): warning C4244: '=': 將 'double' 轉換為 'unsigned char'，由於類型不同，可能導致資料遺失
C:\Users\t4w32\source\repos\frakw\ntust_computer_graphics\電腦圖學導論\正課\Project1 FLTK\Skeleton\Codes\TargaImage.cpp(1089,57): warning C4244: '=': 將 'double' 轉換為 'unsigned char'，由於類型不同，可能導致資料遺失
  libtarga.c
C:\Users\t4w32\source\repos\frakw\ntust_computer_graphics\電腦圖學導論\正課\Project1 FLTK\Skeleton\Codes\libtarga.c(216,17): warning C4996: 'fopen': This function or variable may be unsafe. Consider using fopen_s instead. To disable deprecation, use _CRT_SECURE_NO_WARNINGS. See online help for details.
C:\Users\t4w32\source\repos\frakw\ntust_computer_graphics\電腦圖學導論\正課\Project1 FLTK\Skeleton\Codes\libtarga.c(517,11): warning C4996: 'fopen': This function or variable may be unsafe. Consider using fopen_s instead. To disable deprecation, use _CRT_SECURE_NO_WARNINGS. See online help for details.
C:\Users\t4w32\source\repos\frakw\ntust_computer_graphics\電腦圖學導論\正課\Project1 FLTK\Skeleton\Codes\libtarga.c(663,11): warning C4996: 'fopen': This function or variable may be unsafe. Consider using fopen_s instead. To disable deprecation, use _CRT_SECURE_NO_WARNINGS. See online help for details.
  正在產生程式碼
  342 of 350 functions (97.7%) were compiled, the rest were copied from previous compilation.
    2 functions were new in current compilation
    2 functions had inline decision re-evaluated but remain unchanged
  已完成程式碼產生
  Skeleton.vcxproj -> C:\Users\t4w32\source\repos\frakw\ntust_computer_graphics\電腦圖學導論\正課\Project1 FLTK\x64\Release\Skeleton.exe
